[19:20:48] [main/WARN]: Ambiguity between arguments [teleport, destination] and [teleport, targets] with inputs: [Player, 0123, @e, dd12be42-52a9-4a91-a8a1-11c01849e498]
[19:20:48] [main/WARN]: Ambiguity between arguments [teleport, location] and [teleport, destination] with inputs: [0.1 -0.5 .9, 0 0 0]
[19:20:48] [main/WARN]: Ambiguity between arguments [teleport, location] and [teleport, targets] with inputs: [0.1 -0.5 .9, 0 0 0]
[19:20:48] [main/WARN]: Ambiguity between arguments [teleport, targets] and [teleport, destination] with inputs: [Player, 0123, dd12be42-52a9-4a91-a8a1-11c01849e498]
[19:20:48] [main/WARN]: Ambiguity between arguments [teleport, targets, location] and [teleport, targets, destination] with inputs: [0.1 -0.5 .9, 0 0 0]
[19:20:48] [Server thread/INFO]: Starting minecraft server version 1.15.2
[19:20:48] [Server thread/INFO]: Loading properties
[19:20:48] [Server thread/INFO]: Default game type: SURVIVAL
[19:20:48] [Server thread/INFO]: Generating keypair
[19:20:49] [Server thread/INFO]: Starting Minecraft server on *:25565
[19:20:49] [Server thread/INFO]: Using default channel type
[19:20:49] [Server thread/INFO]: Preparing level "world"
[19:20:49] [Server thread/INFO]: Reloading ResourceManager: Default
[19:20:50] [Server thread/INFO]: Loaded 6 recipes
[19:20:51] [Server thread/INFO]: Loaded 825 advancements
[19:20:52] [Server thread/INFO]: Preparing start region for dimension minecraft:overworld
[19:20:53] [Server thread/INFO]: Preparing spawn area: 0%
[19:20:53] [Server thread/INFO]: Preparing spawn area: 0%
[19:20:53] [Server thread/INFO]: Preparing spawn area: 0%
[19:20:53] [Server thread/INFO]: Preparing spawn area: 0%
[19:21:00] [Server-Worker-2/INFO]: Preparing spawn area: 0%
[19:21:00] [Server-Worker-3/INFO]: Preparing spawn area: 0%
[19:21:00] [Server-Worker-3/INFO]: Preparing spawn area: 0%
[19:21:00] [Server-Worker-1/INFO]: Preparing spawn area: 0%
[19:21:00] [Server-Worker-3/INFO]: Preparing spawn area: 0%
[19:21:00] [Server-Worker-1/INFO]: Preparing spawn area: 0%
[19:21:00] [Server-Worker-3/INFO]: Preparing spawn area: 0%
[19:21:00] [Server-Worker-2/INFO]: Preparing spawn area: 0%
[19:21:00] [Server-Worker-3/INFO]: Preparing spawn area: 0%
[19:21:00] [Server-Worker-2/INFO]: Preparing spawn area: 0%
[19:21:00] [Server-Worker-3/INFO]: Preparing spawn area: 0%
[19:21:00] [Server-Worker-3/INFO]: Preparing spawn area: 0%
[19:21:00] [Server-Worker-2/INFO]: Preparing spawn area: 0%
[19:21:00] [Server-Worker-2/INFO]: Preparing spawn area: 0%
[19:21:01] [Server thread/INFO]: Time elapsed: 9043 ms
[19:21:01] [Server thread/INFO]: Done (11.390s)! For help, type "help"
[19:23:18] [User Authenticator #1/INFO]: UUID of player pyrodude111 is d348beee-80fc-4184-936a-5a2a76f4363f
[19:23:45] [Server thread/INFO]: Disconnecting com.mojang.authlib.GameProfile@7055a91b[id=d348beee-80fc-4184-936a-5a2a76f4363f,name=pyrodude111,properties={textures=[com.mojang.authlib.properties.Property@48e8fe36]},legacy=false] (/76.176.104.230:55189): Took too long to log in
[19:24:39] [Server thread/WARN]: Can't keep up! Is the server overloaded? Running 54323ms or 1086 ticks behind
[19:24:39] [Server thread/INFO]: com.mojang.authlib.GameProfile@7055a91b[id=d348beee-80fc-4184-936a-5a2a76f4363f,name=pyrodude111,properties={textures=[com.mojang.authlib.properties.Property@48e8fe36]},legacy=false] (/76.176.104.230:55189) lost connection: Disconnected
[19:24:40] [User Authenticator #2/INFO]: UUID of player pyrodude111 is d348beee-80fc-4184-936a-5a2a76f4363f
[19:24:40] [Server thread/INFO]: pyrodude111[/76.176.104.230:55206] logged in with entity id 244 at (-247.5, 64.0, -175.5)
[19:24:40] [Server thread/INFO]: pyrodude111 joined the game
[19:24:47] [Server thread/INFO]: pyrodude111 lost connection: Disconnected
[19:24:47] [Server thread/INFO]: pyrodude111 left the game
[19:27:51] [User Authenticator #3/INFO]: UUID of player Pyromaniac707 is 03a9acea-a02a-4cc4-9885-be25b0b19719
[19:27:51] [Server thread/INFO]: Pyromaniac707[/184.23.19.6:63257] logged in with entity id 340 at (-261.5, 64.0, -184.5)
[19:27:51] [Server thread/INFO]: Pyromaniac707 joined the game
[19:28:06] [Server thread/INFO]: Pyromaniac707 lost connection: Disconnected
[19:28:06] [Server thread/INFO]: Pyromaniac707 left the game
[19:28:24] [User Authenticator #4/INFO]: UUID of player Pyromaniac707 is 03a9acea-a02a-4cc4-9885-be25b0b19719
[19:28:24] [Server thread/INFO]: Pyromaniac707[/184.23.19.6:63264] logged in with entity id 415 at (-362.67825680629767, 69.0, -42.73428761296584)
[19:28:24] [Server thread/INFO]: Pyromaniac707 joined the game
[19:28:45] [Server thread/INFO]: Pyromaniac707 lost connection: Disconnected
[19:28:45] [Server thread/INFO]: Pyromaniac707 left the game
[19:28:48] [User Authenticator #5/INFO]: UUID of player Pyromaniac707 is 03a9acea-a02a-4cc4-9885-be25b0b19719
[19:28:48] [Server thread/INFO]: Pyromaniac707[/184.23.19.6:63268] logged in with entity id 613 at (-360.91365872195826, 70.0, -49.45904097565259)
[19:28:48] [Server thread/INFO]: Pyromaniac707 joined the game
[19:28:52] [Server thread/INFO]: Pyromaniac707 lost connection: Disconnected
[19:28:52] [Server thread/INFO]: Pyromaniac707 left the game
[19:29:02] [Server thread/INFO]: Made Pyromaniac707 a server operator
[19:29:08] [Server thread/INFO]: Made pyrodude111 a server operator
[19:47:33] [User Authenticator #6/INFO]: UUID of player pyrodude111 is d348beee-80fc-4184-936a-5a2a76f4363f
[19:47:33] [Server thread/INFO]: pyrodude111[/76.176.104.230:55611] logged in with entity id 631 at (-247.5, 64.0, -175.5)
[19:47:33] [Server thread/INFO]: pyrodude111 joined the game
[19:48:23] [User Authenticator #7/INFO]: UUID of player Pyromaniac707 is 03a9acea-a02a-4cc4-9885-be25b0b19719
[19:48:23] [Server thread/INFO]: Pyromaniac707[/184.23.19.6:63338] logged in with entity id 834 at (-360.91365872195826, 70.0, -49.45904097565259)
[19:48:23] [Server thread/INFO]: Pyromaniac707 joined the game
[19:50:15] [Server thread/INFO]: [pyrodude111: Set the time to 1000]
[19:50:22] [Server thread/INFO]: Pyromaniac707 lost connection: Disconnected
[19:50:22] [Server thread/INFO]: Pyromaniac707 left the game
[19:51:35] [Server thread/INFO]: pyrodude111 lost connection: Disconnected
[19:51:35] [Server thread/INFO]: pyrodude111 left the game
[19:51:37] [User Authenticator #8/INFO]: UUID of player pyrodude111 is d348beee-80fc-4184-936a-5a2a76f4363f
[19:51:37] [Server thread/INFO]: pyrodude111[/76.176.104.230:55683] logged in with entity id 1439 at (-355.14499708414473, 71.0, -53.028161600695654)
[19:51:37] [Server thread/INFO]: pyrodude111 joined the game
[19:54:19] [Server thread/INFO]: pyrodude111 lost connection: Disconnected
[19:54:19] [Server thread/INFO]: pyrodude111 left the game
